Sep 5, 2010 1:17:41 AM org.apache.solr.core.SolrResourceLoader locateSolrHome
INFO: JNDI not configured for solr (NoInitialContextEx)
Sep 5, 2010 1:17:41 AM org.apache.solr.core.SolrResourceLoader locateSolrHome
INFO: using system property solr.solr.home: /home/catus/workspace/remby/solr
Sep 5, 2010 1:17:41 AM org.apache.solr.core.SolrResourceLoader <init>
INFO: Solr home set to '/home/catus/workspace/remby/solr/'
Sep 5, 2010 1:17:41 AM org.apache.solr.core.SolrResourceLoader replaceClassLoader
INFO: Adding 'file:/home/catus/workspace/remby/solr/lib/solr-spatial-light-0.0.6.jar' to classloader
Sep 5, 2010 1:17:41 AM org.apache.solr.core.SolrResourceLoader replaceClassLoader
INFO: Adding 'file:/home/catus/workspace/remby/solr/lib/lucene-spatial-2.9.1.jar' to classloader
Sep 5, 2010 1:17:42 AM org.apache.solr.servlet.SolrDispatchFilter init
INFO: SolrDispatchFilter.init()
Sep 5, 2010 1:17:42 AM org.apache.solr.core.SolrResourceLoader locateSolrHome
INFO: JNDI not configured for solr (NoInitialContextEx)
Sep 5, 2010 1:17:42 AM org.apache.solr.core.SolrResourceLoader locateSolrHome
INFO: using system property solr.solr.home: /home/catus/workspace/remby/solr
Sep 5, 2010 1:17:42 AM org.apache.solr.core.CoreContainer$Initializer initialize
INFO: looking for solr.xml: /home/catus/workspace/remby/solr/solr.xml
Sep 5, 2010 1:17:42 AM org.apache.solr.core.SolrResourceLoader <init>
INFO: Solr home set to '/home/catus/workspace/remby/solr/'
Sep 5, 2010 1:17:42 AM org.apache.solr.core.SolrResourceLoader replaceClassLoader
INFO: Adding 'file:/home/catus/workspace/remby/solr/lib/solr-spatial-light-0.0.6.jar' to classloader
Sep 5, 2010 1:17:42 AM org.apache.solr.core.SolrResourceLoader replaceClassLoader
INFO: Adding 'file:/home/catus/workspace/remby/solr/lib/lucene-spatial-2.9.1.jar' to classloader
Sep 5, 2010 1:17:42 AM org.apache.solr.core.SolrConfig initLibs
INFO: Adding specified lib dirs to ClassLoader
Sep 5, 2010 1:17:42 AM org.apache.solr.core.SolrConfig <init>
INFO: Loaded SolrConfig: solrconfig.xml
Sep 5, 2010 1:17:42 AM org.apache.solr.core.SolrCore <init>
INFO: Opening new SolrCore at /home/catus/workspace/remby/solr/, dataDir=/home/catus/workspace/remby/solr/data/development/
Sep 5, 2010 1:17:42 AM org.apache.solr.schema.IndexSchema readSchema
INFO: Reading Solr Schema
Sep 5, 2010 1:17:42 AM org.apache.solr.schema.IndexSchema readSchema
INFO: Schema name=sunspot
Sep 5, 2010 1:17:42 AM org.apache.solr.util.plugin.AbstractPluginLoader load
INFO: created string: org.apache.solr.schema.StrField
Sep 5, 2010 1:17:43 AM org.apache.solr.util.plugin.AbstractPluginLoader load
INFO: created tdouble: org.apache.solr.schema.TrieDoubleField
Sep 5, 2010 1:17:43 AM org.apache.solr.util.plugin.AbstractPluginLoader load
INFO: created rand: org.apache.solr.schema.RandomSortField
Sep 5, 2010 1:17:43 AM org.apache.solr.util.plugin.AbstractPluginLoader load
INFO: created null: org.apache.solr.analysis.StandardTokenizerFactory
Sep 5, 2010 1:17:43 AM org.apache.solr.util.plugin.AbstractPluginLoader load
INFO: created null: org.apache.solr.analysis.StandardFilterFactory
Sep 5, 2010 1:17:43 AM org.apache.solr.util.plugin.AbstractPluginLoader load
INFO: created null: org.apache.solr.analysis.LowerCaseFilterFactory
Sep 5, 2010 1:17:43 AM org.apache.solr.util.plugin.AbstractPluginLoader load
INFO: created text: org.apache.solr.schema.TextField
Sep 5, 2010 1:17:43 AM org.apache.solr.util.plugin.AbstractPluginLoader load
INFO: created boolean: org.apache.solr.schema.BoolField
Sep 5, 2010 1:17:43 AM org.apache.solr.util.plugin.AbstractPluginLoader load
INFO: created date: org.apache.solr.schema.DateField
Sep 5, 2010 1:17:43 AM org.apache.solr.util.plugin.AbstractPluginLoader load
INFO: created sdouble: org.apache.solr.schema.SortableDoubleField
Sep 5, 2010 1:17:43 AM org.apache.solr.util.plugin.AbstractPluginLoader load
INFO: created sfloat: org.apache.solr.schema.SortableFloatField
Sep 5, 2010 1:17:43 AM org.apache.solr.util.plugin.AbstractPluginLoader load
INFO: created sint: org.apache.solr.schema.SortableIntField
Sep 5, 2010 1:17:43 AM org.apache.solr.util.plugin.AbstractPluginLoader load
INFO: created slong: org.apache.solr.schema.SortableLongField
Sep 5, 2010 1:17:43 AM org.apache.solr.util.plugin.AbstractPluginLoader load
INFO: created tint: org.apache.solr.schema.TrieIntField
Sep 5, 2010 1:17:43 AM org.apache.solr.util.plugin.AbstractPluginLoader load
INFO: created tfloat: org.apache.solr.schema.TrieFloatField
Sep 5, 2010 1:17:43 AM org.apache.solr.util.plugin.AbstractPluginLoader load
INFO: created tdate: org.apache.solr.schema.TrieDateField
Sep 5, 2010 1:17:43 AM org.apache.solr.schema.IndexSchema readSchema
INFO: default search field is text
Sep 5, 2010 1:17:43 AM org.apache.solr.schema.IndexSchema readSchema
INFO: query parser default operator is AND
Sep 5, 2010 1:17:43 AM org.apache.solr.schema.IndexSchema readSchema
INFO: unique key field: id
Sep 5, 2010 1:17:43 AM org.apache.solr.core.JmxMonitoredMap <init>
INFO: No JMX servers found, not exposing Solr information with JMX.
Sep 5, 2010 1:17:43 AM org.apache.solr.core.SolrCore initListeners
INFO: Added SolrEventListener: org.apache.solr.core.QuerySenderListener{queries=[]}
Sep 5, 2010 1:17:43 AM org.apache.solr.core.SolrCore initListeners
INFO: Added SolrEventListener: org.apache.solr.core.QuerySenderListener{queries=[{q=solr rocks,start=0,rows=10}, {q=static firstSearcher warming query from solrconfig.xml}]}
Sep 5, 2010 1:17:43 AM org.apache.solr.core.SolrCore initIndex
WARNING: Solr index directory '/home/catus/workspace/remby/solr/data/development/index' doesn't exist. Creating new index...
Sep 5, 2010 1:17:43 AM org.apache.solr.core.SolrDeletionPolicy onInit
INFO: SolrDeletionPolicy.onInit: commits:num=1
	commit{dir=/home/catus/workspace/remby/solr/data/development/index,segFN=segments_1,version=1283638663192,generation=1,filenames=[segments_1]
Sep 5, 2010 1:17:43 AM org.apache.solr.core.SolrDeletionPolicy updateCommits
INFO: newest commit = 1283638663192
Sep 5, 2010 1:17:43 AM org.apache.solr.request.XSLTResponseWriter init
INFO: xsltCacheLifetimeSeconds=5
Sep 5, 2010 1:17:43 AM org.apache.solr.core.RequestHandlers initHandlersFromConfig
INFO: created standard: solr.SearchHandler
Sep 5, 2010 1:17:43 AM org.apache.solr.core.RequestHandlers initHandlersFromConfig
INFO: created dismax: solr.SearchHandler
Sep 5, 2010 1:17:43 AM org.apache.solr.core.RequestHandlers initHandlersFromConfig
INFO: created partitioned: solr.SearchHandler
Sep 5, 2010 1:17:43 AM org.apache.solr.core.RequestHandlers initHandlersFromConfig
INFO: created /spell: solr.SearchHandler
Sep 5, 2010 1:17:43 AM org.apache.solr.core.RequestHandlers initHandlersFromConfig
INFO: created tvrh: org.apache.solr.handler.component.SearchHandler
Sep 5, 2010 1:17:43 AM org.apache.solr.core.RequestHandlers initHandlersFromConfig
INFO: adding lazy requestHandler: org.apache.solr.handler.extraction.ExtractingRequestHandler
Sep 5, 2010 1:17:43 AM org.apache.solr.core.RequestHandlers initHandlersFromConfig
INFO: created /update/extract: org.apache.solr.handler.extraction.ExtractingRequestHandler
Sep 5, 2010 1:17:43 AM org.apache.solr.core.RequestHandlers initHandlersFromConfig
INFO: created /terms: org.apache.solr.handler.component.SearchHandler
Sep 5, 2010 1:17:43 AM org.apache.solr.core.RequestHandlers initHandlersFromConfig
INFO: adding lazy requestHandler: solr.SearchHandler
Sep 5, 2010 1:17:43 AM org.apache.solr.core.RequestHandlers initHandlersFromConfig
INFO: created /elevate: solr.SearchHandler
Sep 5, 2010 1:17:43 AM org.apache.solr.core.RequestHandlers initHandlersFromConfig
INFO: created /update: solr.XmlUpdateRequestHandler
Sep 5, 2010 1:17:43 AM org.apache.solr.core.RequestHandlers initHandlersFromConfig
INFO: created /update/javabin: solr.BinaryUpdateRequestHandler
Sep 5, 2010 1:17:43 AM org.apache.solr.core.RequestHandlers initHandlersFromConfig
INFO: created /analysis/document: solr.DocumentAnalysisRequestHandler
Sep 5, 2010 1:17:43 AM org.apache.solr.core.RequestHandlers initHandlersFromConfig
INFO: created /analysis/field: solr.FieldAnalysisRequestHandler
Sep 5, 2010 1:17:43 AM org.apache.solr.core.RequestHandlers initHandlersFromConfig
INFO: adding lazy requestHandler: solr.CSVRequestHandler
Sep 5, 2010 1:17:43 AM org.apache.solr.core.RequestHandlers initHandlersFromConfig
INFO: created /update/csv: solr.CSVRequestHandler
Sep 5, 2010 1:17:43 AM org.apache.solr.core.RequestHandlers initHandlersFromConfig
INFO: created /admin/: org.apache.solr.handler.admin.AdminHandlers
Sep 5, 2010 1:17:43 AM org.apache.solr.core.RequestHandlers initHandlersFromConfig
INFO: created /admin/ping: PingRequestHandler
Sep 5, 2010 1:17:43 AM org.apache.solr.core.RequestHandlers initHandlersFromConfig
INFO: created /debug/dump: solr.DumpRequestHandler
Sep 5, 2010 1:17:43 AM org.apache.solr.core.RequestHandlers initHandlersFromConfig
INFO: created /mlt: solr.MoreLikeThisHandler
Sep 5, 2010 1:17:43 AM org.apache.solr.search.SolrIndexSearcher <init>
INFO: Opening Searcher@1be16f5 main
Sep 5, 2010 1:17:43 AM org.apache.solr.update.DirectUpdateHandler2$CommitTracker <init>
INFO: AutoCommit: disabled
Sep 5, 2010 1:17:43 AM org.apache.solr.handler.component.SpellCheckComponent inform
INFO: Initializing spell checkers
Sep 5, 2010 1:17:43 AM org.apache.solr.spelling.AbstractLuceneSpellChecker init
INFO: Using WhitespaceAnalzyer for dictionary: default
Sep 5, 2010 1:17:43 AM org.apache.solr.handler.component.SpellCheckComponent inform
WARNING: No queryConverter defined, using default converter
Sep 5, 2010 1:17:43 AM org.apache.solr.handler.component.QueryElevationComponent inform
INFO: Loading QueryElevation from: /home/catus/workspace/remby/solr/conf/elevate.xml
Sep 5, 2010 1:17:43 AM org.apache.solr.handler.component.SearchHandler inform
INFO: Adding  component:org.apache.solr.handler.component.QueryComponent@1dc0e7a
Sep 5, 2010 1:17:43 AM org.apache.solr.handler.component.SearchHandler inform
INFO: Adding  component:org.apache.solr.handler.component.FacetComponent@3a9bba
Sep 5, 2010 1:17:43 AM org.apache.solr.handler.component.SearchHandler inform
INFO: Adding  component:org.apache.solr.handler.component.MoreLikeThisComponent@1c5ddc9
Sep 5, 2010 1:17:43 AM org.apache.solr.handler.component.SearchHandler inform
INFO: Adding  component:org.apache.solr.handler.component.HighlightComponent@163f7a1
Sep 5, 2010 1:17:43 AM org.apache.solr.handler.component.SearchHandler inform
INFO: Adding  component:org.apache.solr.handler.component.StatsComponent@1690ab
Sep 5, 2010 1:17:43 AM org.apache.solr.handler.component.SearchHandler inform
INFO: Adding  component:me.outofti.solrspatiallight.SpatialQueryComponent@173ec72
Sep 5, 2010 1:17:43 AM org.apache.solr.handler.component.SearchHandler inform
INFO: Adding  debug component:org.apache.solr.handler.component.DebugComponent@1a85d38
Sep 5, 2010 1:17:43 AM org.apache.solr.handler.component.SearchHandler inform
INFO: Adding  component:org.apache.solr.handler.component.QueryComponent@1dc0e7a
Sep 5, 2010 1:17:43 AM org.apache.solr.handler.component.SearchHandler inform
INFO: Adding  component:org.apache.solr.handler.component.FacetComponent@3a9bba
Sep 5, 2010 1:17:43 AM org.apache.solr.handler.component.SearchHandler inform
INFO: Adding  component:org.apache.solr.handler.component.MoreLikeThisComponent@1c5ddc9
Sep 5, 2010 1:17:43 AM org.apache.solr.handler.component.SearchHandler inform
INFO: Adding  component:org.apache.solr.handler.component.HighlightComponent@163f7a1
Sep 5, 2010 1:17:43 AM org.apache.solr.handler.component.SearchHandler inform
INFO: Adding  component:org.apache.solr.handler.component.StatsComponent@1690ab
Sep 5, 2010 1:17:43 AM org.apache.solr.handler.component.SearchHandler inform
INFO: Adding  debug component:org.apache.solr.handler.component.DebugComponent@1a85d38
Sep 5, 2010 1:17:43 AM org.apache.solr.handler.component.SearchHandler inform
INFO: Adding  component:org.apache.solr.handler.component.QueryComponent@1dc0e7a
Sep 5, 2010 1:17:43 AM org.apache.solr.handler.component.SearchHandler inform
INFO: Adding  component:org.apache.solr.handler.component.FacetComponent@3a9bba
Sep 5, 2010 1:17:43 AM org.apache.solr.handler.component.SearchHandler inform
INFO: Adding  component:org.apache.solr.handler.component.MoreLikeThisComponent@1c5ddc9
Sep 5, 2010 1:17:43 AM org.apache.solr.handler.component.SearchHandler inform
INFO: Adding  component:org.apache.solr.handler.component.HighlightComponent@163f7a1
Sep 5, 2010 1:17:43 AM org.apache.solr.handler.component.SearchHandler inform
INFO: Adding  component:org.apache.solr.handler.component.StatsComponent@1690ab
Sep 5, 2010 1:17:43 AM org.apache.solr.handler.component.SearchHandler inform
INFO: Adding  debug component:org.apache.solr.handler.component.DebugComponent@1a85d38
Sep 5, 2010 1:17:43 AM org.apache.solr.handler.component.SearchHandler inform
INFO: Adding  component:org.apache.solr.handler.component.QueryComponent@1dc0e7a
Sep 5, 2010 1:17:43 AM org.apache.solr.handler.component.SearchHandler inform
INFO: Adding  component:org.apache.solr.handler.component.FacetComponent@3a9bba
Sep 5, 2010 1:17:43 AM org.apache.solr.handler.component.SearchHandler inform
INFO: Adding  component:org.apache.solr.handler.component.MoreLikeThisComponent@1c5ddc9
Sep 5, 2010 1:17:43 AM org.apache.solr.handler.component.SearchHandler inform
INFO: Adding  component:org.apache.solr.handler.component.HighlightComponent@163f7a1
Sep 5, 2010 1:17:43 AM org.apache.solr.handler.component.SearchHandler inform
INFO: Adding  component:org.apache.solr.handler.component.StatsComponent@1690ab
Sep 5, 2010 1:17:43 AM org.apache.solr.handler.component.SearchHandler inform
INFO: Adding  component:org.apache.solr.handler.component.SpellCheckComponent@8046f4
Sep 5, 2010 1:17:43 AM org.apache.solr.handler.component.SearchHandler inform
INFO: Adding  debug component:org.apache.solr.handler.component.DebugComponent@1a85d38
Sep 5, 2010 1:17:43 AM org.apache.solr.handler.component.SearchHandler inform
INFO: Adding  component:org.apache.solr.handler.component.QueryComponent@1dc0e7a
Sep 5, 2010 1:17:43 AM org.apache.solr.handler.component.SearchHandler inform
INFO: Adding  component:org.apache.solr.handler.component.FacetComponent@3a9bba
Sep 5, 2010 1:17:43 AM org.apache.solr.handler.component.SearchHandler inform
INFO: Adding  component:org.apache.solr.handler.component.MoreLikeThisComponent@1c5ddc9
Sep 5, 2010 1:17:43 AM org.apache.solr.handler.component.SearchHandler inform
INFO: Adding  component:org.apache.solr.handler.component.HighlightComponent@163f7a1
Sep 5, 2010 1:17:43 AM org.apache.solr.handler.component.SearchHandler inform
INFO: Adding  component:org.apache.solr.handler.component.StatsComponent@1690ab
Sep 5, 2010 1:17:43 AM org.apache.solr.handler.component.SearchHandler inform
INFO: Adding  component:org.apache.solr.handler.component.TermVectorComponent@1b273cc
Sep 5, 2010 1:17:43 AM org.apache.solr.handler.component.SearchHandler inform
INFO: Adding  debug component:org.apache.solr.handler.component.DebugComponent@1a85d38
Sep 5, 2010 1:17:43 AM org.apache.solr.handler.component.SearchHandler inform
INFO: Adding  component:org.apache.solr.handler.component.TermsComponent@d05c13
Sep 5, 2010 1:17:43 AM org.apache.solr.core.CoreContainer register
INFO: registering core: 
Sep 5, 2010 1:17:43 AM org.apache.solr.servlet.SolrDispatchFilter init
INFO: user.dir=/usr/lib/ruby/gems/1.8/gems/sunspot-1.1.0/solr
Sep 5, 2010 1:17:43 AM org.apache.solr.servlet.SolrDispatchFilter init
INFO: SolrDispatchFilter.init() done
Sep 5, 2010 1:17:43 AM org.apache.solr.core.QuerySenderListener newSearcher
INFO: QuerySenderListener sending requests to Searcher@1be16f5 main
Sep 5, 2010 1:17:43 AM org.apache.solr.core.SolrCore execute
INFO: [] webapp=null path=null params={start=0&event=firstSearcher&q=solr+rocks&rows=10} hits=0 status=0 QTime=169 
Sep 5, 2010 1:17:43 AM org.apache.solr.core.SolrCore execute
INFO: [] webapp=null path=null params={event=firstSearcher&q=static+firstSearcher+warming+query+from+solrconfig.xml} hits=0 status=0 QTime=1 
Sep 5, 2010 1:17:43 AM org.apache.solr.core.QuerySenderListener newSearcher
INFO: QuerySenderListener done.
Sep 5, 2010 1:17:43 AM org.apache.solr.handler.component.SpellCheckComponent$SpellCheckerListener newSearcher
INFO: Loading spell index for spellchecker: default
Sep 5, 2010 1:17:43 AM org.apache.solr.core.SolrCore registerSearcher
INFO: [] Registered new searcher Searcher@1be16f5 main
Sep 5, 2010 1:17:43 AM org.apache.solr.servlet.SolrServlet init
INFO: SolrServlet.init()
Sep 5, 2010 1:17:43 AM org.apache.solr.core.SolrResourceLoader locateSolrHome
INFO: JNDI not configured for solr (NoInitialContextEx)
Sep 5, 2010 1:17:43 AM org.apache.solr.core.SolrResourceLoader locateSolrHome
INFO: using system property solr.solr.home: /home/catus/workspace/remby/solr
Sep 5, 2010 1:17:43 AM org.apache.solr.servlet.SolrServlet init
INFO: SolrServlet.init() done
Sep 5, 2010 1:17:43 AM org.apache.solr.core.SolrResourceLoader locateSolrHome
INFO: JNDI not configured for solr (NoInitialContextEx)
Sep 5, 2010 1:17:43 AM org.apache.solr.core.SolrResourceLoader locateSolrHome
INFO: using system property solr.solr.home: /home/catus/workspace/remby/solr
Sep 5, 2010 1:17:43 AM org.apache.solr.servlet.SolrUpdateServlet init
INFO: SolrUpdateServlet.init() done
Sep 5, 2010 1:22:49 AM org.apache.solr.core.SolrDeletionPolicy onInit
INFO: SolrDeletionPolicy.onInit: commits:num=1
	commit{dir=/home/catus/workspace/remby/solr/data/development/index,segFN=segments_1,version=1283638663192,generation=1,filenames=[segments_1]
Sep 5, 2010 1:22:49 AM org.apache.solr.core.SolrDeletionPolicy updateCommits
INFO: newest commit = 1283638663192
Sep 5, 2010 1:22:49 AM org.apache.solr.update.processor.LogUpdateProcessor finish
INFO: {deleteByQuery=type:Cv} 0 340
Sep 5, 2010 1:22:49 AM org.apache.solr.core.SolrCore execute
INFO: [] webapp=/solr path=/update params={wt=ruby} status=0 QTime=340 
Sep 5, 2010 1:25:44 AM org.apache.solr.update.processor.LogUpdateProcessor finish
INFO: {deleteByQuery=type:Cv} 0 159
Sep 5, 2010 1:25:44 AM org.apache.solr.core.SolrCore execute
INFO: [] webapp=/solr path=/update params={wt=ruby} status=0 QTime=159 
Sep 5, 2010 1:25:45 AM org.apache.solr.update.processor.LogUpdateProcessor finish
INFO: {add=[Cv 1, Cv 2, Cv 3, Cv 4, Cv 5, Cv 6, Cv 7, Cv 8]} 0 1049
Sep 5, 2010 1:25:46 AM org.apache.solr.core.SolrCore execute
INFO: [] webapp=/solr path=/update params={wt=ruby} status=0 QTime=1049 
Sep 5, 2010 1:25:46 AM org.apache.solr.update.DirectUpdateHandler2 commit
INFO: start commit(optimize=false,waitFlush=false,waitSearcher=true,expungeDeletes=false)
Sep 5, 2010 1:25:46 AM org.apache.solr.core.SolrDeletionPolicy onCommit
INFO: SolrDeletionPolicy.onCommit: commits:num=2
	commit{dir=/home/catus/workspace/remby/solr/data/development/index,segFN=segments_1,version=1283638663192,generation=1,filenames=[segments_1]
	commit{dir=/home/catus/workspace/remby/solr/data/development/index,segFN=segments_2,version=1283638663193,generation=2,filenames=[_0.nrm, _0.tis, _0.fnm, _0.tii, _0.frq, segments_2, _0.fdx, _0.prx, _0.fdt]
Sep 5, 2010 1:25:46 AM org.apache.solr.core.SolrDeletionPolicy updateCommits
INFO: newest commit = 1283638663193
Sep 5, 2010 1:25:46 AM org.apache.solr.search.SolrIndexSearcher <init>
INFO: Opening Searcher@186dda3 main
Sep 5, 2010 1:25:46 AM org.apache.solr.update.DirectUpdateHandler2 commit
INFO: end_commit_flush
Sep 5, 2010 1:25:47 AM org.apache.solr.search.SolrIndexSearcher warm
INFO: autowarming Searcher@186dda3 main from Searcher@1be16f5 main
	fieldValueCache{lookups=0,hits=0,hitratio=0.00,inserts=0,evictions=0,size=0,warmupTime=0,cumulative_lookups=0,cumulative_hits=0,cumulative_hitratio=0.00,cumulative_inserts=0,cumulative_evictions=0}
Sep 5, 2010 1:25:47 AM org.apache.solr.search.SolrIndexSearcher warm
INFO: autowarming result for Searcher@186dda3 main
	fieldValueCache{lookups=0,hits=0,hitratio=0.00,inserts=0,evictions=0,size=0,warmupTime=0,cumulative_lookups=0,cumulative_hits=0,cumulative_hitratio=0.00,cumulative_inserts=0,cumulative_evictions=0}
Sep 5, 2010 1:25:47 AM org.apache.solr.search.SolrIndexSearcher warm
INFO: autowarming Searcher@186dda3 main from Searcher@1be16f5 main
	filterCache{lookups=0,hits=0,hitratio=0.00,inserts=0,evictions=0,size=0,warmupTime=0,cumulative_lookups=0,cumulative_hits=0,cumulative_hitratio=0.00,cumulative_inserts=0,cumulative_evictions=0}
Sep 5, 2010 1:25:47 AM org.apache.solr.search.SolrIndexSearcher warm
INFO: autowarming result for Searcher@186dda3 main
	filterCache{lookups=0,hits=0,hitratio=0.00,inserts=0,evictions=0,size=0,warmupTime=0,cumulative_lookups=0,cumulative_hits=0,cumulative_hitratio=0.00,cumulative_inserts=0,cumulative_evictions=0}
Sep 5, 2010 1:25:47 AM org.apache.solr.search.SolrIndexSearcher warm
INFO: autowarming Searcher@186dda3 main from Searcher@1be16f5 main
	queryResultCache{lookups=0,hits=0,hitratio=0.00,inserts=2,evictions=0,size=2,warmupTime=0,cumulative_lookups=0,cumulative_hits=0,cumulative_hitratio=0.00,cumulative_inserts=0,cumulative_evictions=0}
Sep 5, 2010 1:25:47 AM org.apache.solr.search.SolrIndexSearcher warm
INFO: autowarming result for Searcher@186dda3 main
	queryResultCache{lookups=0,hits=0,hitratio=0.00,inserts=0,evictions=0,size=0,warmupTime=0,cumulative_lookups=0,cumulative_hits=0,cumulative_hitratio=0.00,cumulative_inserts=0,cumulative_evictions=0}
Sep 5, 2010 1:25:47 AM org.apache.solr.search.SolrIndexSearcher warm
INFO: autowarming Searcher@186dda3 main from Searcher@1be16f5 main
	documentCache{lookups=0,hits=0,hitratio=0.00,inserts=0,evictions=0,size=0,warmupTime=0,cumulative_lookups=0,cumulative_hits=0,cumulative_hitratio=0.00,cumulative_inserts=0,cumulative_evictions=0}
Sep 5, 2010 1:25:47 AM org.apache.solr.search.SolrIndexSearcher warm
INFO: autowarming result for Searcher@186dda3 main
	documentCache{lookups=0,hits=0,hitratio=0.00,inserts=0,evictions=0,size=0,warmupTime=0,cumulative_lookups=0,cumulative_hits=0,cumulative_hitratio=0.00,cumulative_inserts=0,cumulative_evictions=0}
Sep 5, 2010 1:25:47 AM org.apache.solr.core.QuerySenderListener newSearcher
INFO: QuerySenderListener sending requests to Searcher@186dda3 main
Sep 5, 2010 1:25:47 AM org.apache.solr.core.QuerySenderListener newSearcher
INFO: QuerySenderListener done.
Sep 5, 2010 1:25:47 AM org.apache.solr.core.SolrCore registerSearcher
INFO: [] Registered new searcher Searcher@186dda3 main
Sep 5, 2010 1:25:47 AM org.apache.solr.search.SolrIndexSearcher close
INFO: Closing Searcher@1be16f5 main
	fieldValueCache{lookups=0,hits=0,hitratio=0.00,inserts=0,evictions=0,size=0,warmupTime=0,cumulative_lookups=0,cumulative_hits=0,cumulative_hitratio=0.00,cumulative_inserts=0,cumulative_evictions=0}
	filterCache{lookups=0,hits=0,hitratio=0.00,inserts=0,evictions=0,size=0,warmupTime=0,cumulative_lookups=0,cumulative_hits=0,cumulative_hitratio=0.00,cumulative_inserts=0,cumulative_evictions=0}
	queryResultCache{lookups=0,hits=0,hitratio=0.00,inserts=2,evictions=0,size=2,warmupTime=0,cumulative_lookups=0,cumulative_hits=0,cumulative_hitratio=0.00,cumulative_inserts=0,cumulative_evictions=0}
	documentCache{lookups=0,hits=0,hitratio=0.00,inserts=0,evictions=0,size=0,warmupTime=0,cumulative_lookups=0,cumulative_hits=0,cumulative_hitratio=0.00,cumulative_inserts=0,cumulative_evictions=0}
Sep 5, 2010 1:25:47 AM org.apache.solr.update.processor.LogUpdateProcessor finish
INFO: {commit=} 0 1013
Sep 5, 2010 1:25:47 AM org.apache.solr.core.SolrCore execute
INFO: [] webapp=/solr path=/update params={wt=ruby} status=0 QTime=1013 
Sep 5, 2010 1:27:59 AM org.apache.solr.core.SolrCore execute
INFO: [] webapp=/solr path=/select params={wt=ruby&start=0&fq=type:Cv&q=*:*&rows=30} hits=8 status=0 QTime=122 
